0 verbose cli /usr/bin/node /usr/bin/npm
1 info using npm@9.2.0
2 info using node@v18.19.1
3 timing npm:load:whichnode Completed in 1ms
4 timing config:load:defaults Completed in 6ms
5 timing config:load:file:/usr/share/nodejs/npm/npmrc Completed in 6ms
6 timing config:load:builtin Completed in 6ms
7 timing config:load:cli Completed in 7ms
8 timing config:load:env Completed in 1ms
9 timing config:load:project Completed in 3ms
10 timing config:load:file:/home/violation/.npmrc Completed in 1ms
11 timing config:load:user Completed in 1ms
12 timing config:load:file:/etc/npmrc Completed in 0ms
13 timing config:load:global Completed in 1ms
14 timing config:load:setEnvs Completed in 3ms
15 timing config:load Completed in 29ms
16 timing npm:load:configload Completed in 29ms
17 timing npm:load:mkdirpcache Completed in 1ms
18 timing npm:load:mkdirplogs Completed in 1ms
19 verbose title npm view @radix-ui/react-collapsible description dist-tags.latest homepage version time
20 verbose argv "view" "--json" "--" "@radix-ui/react-collapsible" "description" "dist-tags.latest" "homepage" "version" "time"
21 timing npm:load:setTitle Completed in 5ms
22 timing config:load:flatten Completed in 11ms
23 timing npm:load:display Completed in 13ms
24 verbose logfile logs-max:10 dir:/home/violation/.npm/_logs/2025-05-25T21_47_06_374Z-
25 verbose logfile /home/violation/.npm/_logs/2025-05-25T21_47_06_374Z-debug-0.log
26 timing npm:load:logFile Completed in 23ms
27 timing npm:load:timers Completed in 0ms
28 timing npm:load:configScope Completed in 0ms
29 timing npm:load Completed in 77ms
30 silly logfile start cleaning logs, removing 1 files
31 timing config:load:flatten Completed in 1ms
32 silly logfile done cleaning log files
33 http fetch GET 200 https://registry.npmjs.org/@radix-ui%2freact-collapsible 276ms (cache revalidated)
34 timing command:view Completed in 324ms
35 verbose exit 0
36 timing npm Completed in 441ms
37 info ok
