0 verbose cli /usr/bin/node /usr/bin/npm
1 info using npm@9.2.0
2 info using node@v18.19.1
3 timing npm:load:whichnode Completed in 0ms
4 timing config:load:defaults Completed in 3ms
5 timing config:load:file:/usr/share/nodejs/npm/npmrc Completed in 4ms
6 timing config:load:builtin Completed in 4ms
7 timing config:load:cli Completed in 4ms
8 timing config:load:env Completed in 0ms
9 timing config:load:project Completed in 2ms
10 timing config:load:file:/home/violation/.npmrc Completed in 0ms
11 timing config:load:user Completed in 1ms
12 timing config:load:file:/etc/npmrc Completed in 0ms
13 timing config:load:global Completed in 0ms
14 timing config:load:setEnvs Completed in 2ms
15 timing config:load Completed in 18ms
16 timing npm:load:configload Completed in 19ms
17 timing npm:load:mkdirpcache Completed in 1ms
18 timing npm:load:mkdirplogs Completed in 0ms
19 verbose title npm view @radix-ui/react-accordion description dist-tags.latest homepage version time
20 verbose argv "view" "--json" "--" "@radix-ui/react-accordion" "description" "dist-tags.latest" "homepage" "version" "time"
21 timing npm:load:setTitle Completed in 3ms
22 timing config:load:flatten Completed in 7ms
23 timing npm:load:display Completed in 8ms
24 verbose logfile logs-max:10 dir:/home/violation/.npm/_logs/2025-05-25T21_15_17_676Z-
25 verbose logfile /home/violation/.npm/_logs/2025-05-25T21_15_17_676Z-debug-0.log
26 timing npm:load:logFile Completed in 14ms
27 timing npm:load:timers Completed in 0ms
28 timing npm:load:configScope Completed in 0ms
29 timing npm:load Completed in 48ms
30 silly logfile done cleaning log files
31 timing config:load:flatten Completed in 2ms
32 http fetch GET 200 https://registry.npmjs.org/@radix-ui%2freact-accordion 313ms (cache miss)
33 timing command:view Completed in 356ms
34 verbose exit 0
35 timing npm Completed in 455ms
36 info ok
